2025-04-02 15:29:26,966 ERROR: Exception on /auth/register [GET] [in C:\Users\d_mur\Desktop\flask_blog\.venv\Lib\site-packages\flask\app.py:875]
Traceback (most recent call last):
  File "C:\Users\d_mur\Desktop\flask_blog\.venv\Lib\site-packages\flask\app.py", line 1511, in wsgi_app
    response = self.full_dispatch_request()
               ^^^^^^^^^^^^^^^^^^^^^^^^^^^^
  File "C:\Users\d_mur\Desktop\flask_blog\.venv\Lib\site-packages\flask\app.py", line 919, in full_dispatch_request
    rv = self.handle_user_exception(e)
         ^^^^^^^^^^^^^^^^^^^^^^^^^^^^^
  File "C:\Users\d_mur\Desktop\flask_blog\.venv\Lib\site-packages\flask\app.py", line 917, in full_dispatch_request
    rv = self.dispatch_request()
         ^^^^^^^^^^^^^^^^^^^^^^^
  File "C:\Users\d_mur\Desktop\flask_blog\.venv\Lib\site-packages\flask\app.py", line 902, in dispatch_request
    return self.ensure_sync(self.view_functions[rule.endpoint])(**view_args)  # type: ignore[no-any-return]
           ^^^^^^^^^^^^^^^^^^^^^^^^^^^^^^^^^^^^^^^^^^^^^^^^^^^^^^^^^^^^^^^^^
  File "c:\Users\d_mur\Desktop\flask_blog\app\routes\auth_routes.py", line 52, in register
    form = RegistrationForm()
           ^^^^^^^^^^^^^^^^^^
  File "C:\Users\d_mur\Desktop\flask_blog\.venv\Lib\site-packages\wtforms\form.py", line 209, in __call__
    return type.__call__(cls, *args, **kwargs)
           ^^^^^^^^^^^^^^^^^^^^^^^^^^^^^^^^^^^
  File "C:\Users\d_mur\Desktop\flask_blog\.venv\Lib\site-packages\flask_wtf\form.py", line 73, in __init__
    super().__init__(formdata=formdata, **kwargs)
  File "C:\Users\d_mur\Desktop\flask_blog\.venv\Lib\site-packages\wtforms\form.py", line 287, in __init__
    self.process(formdata, obj, data=data, **kwargs)
  File "C:\Users\d_mur\Desktop\flask_blog\.venv\Lib\site-packages\wtforms\form.py", line 128, in process
    field.process(formdata, data, extra_filters=field_extra_filters)
  File "C:\Users\d_mur\Desktop\flask_blog\.venv\Lib\site-packages\wtforms\csrf\core.py", line 44, in process
    self.current_token = self.csrf_impl.generate_csrf_token(self)
                         ^^^^^^^^^^^^^^^^^^^^^^^^^^^^^^^^^^^^^^^^
  File "C:\Users\d_mur\Desktop\flask_blog\.venv\Lib\site-packages\flask_wtf\csrf.py", line 147, in generate_csrf_token
    return generate_csrf(
           ^^^^^^^^^^^^^^
  File "C:\Users\d_mur\Desktop\flask_blog\.venv\Lib\site-packages\flask_wtf\csrf.py", line 36, in generate_csrf
    secret_key = _get_config(
                 ^^^^^^^^^^^^
  File "C:\Users\d_mur\Desktop\flask_blog\.venv\Lib\site-packages\flask_wtf\csrf.py", line 136, in _get_config
    raise RuntimeError(message)
RuntimeError: A secret key is required to use CSRF.
2025-04-05 14:07:34,714 ERROR: Exception on /articles [GET] [in D:\gitRep\flask_blog\.venv\Lib\site-packages\flask\app.py:875]
Traceback (most recent call last):
  File "D:\gitRep\flask_blog\.venv\Lib\site-packages\flask\app.py", line 1511, in wsgi_app
    response = self.full_dispatch_request()
               ^^^^^^^^^^^^^^^^^^^^^^^^^^^^
  File "D:\gitRep\flask_blog\.venv\Lib\site-packages\flask\app.py", line 919, in full_dispatch_request
    rv = self.handle_user_exception(e)
         ^^^^^^^^^^^^^^^^^^^^^^^^^^^^^
  File "D:\gitRep\flask_blog\.venv\Lib\site-packages\flask\app.py", line 917, in full_dispatch_request
    rv = self.dispatch_request()
         ^^^^^^^^^^^^^^^^^^^^^^^
  File "D:\gitRep\flask_blog\.venv\Lib\site-packages\flask\app.py", line 902, in dispatch_request
    return self.ensure_sync(self.view_functions[rule.endpoint])(**view_args)  # type: ignore[no-any-return]
           ^^^^^^^^^^^^^^^^^^^^^^^^^^^^^^^^^^^^^^^^^^^^^^^^^^^^^^^^^^^^^^^^^
  File "D:\gitRep\flask_blog\app\routes\article_routes.py", line 32, in list_articles
    return render_template('articles/list.html',
          ^^^^^^^^^^^^^^^^^^^^^^^^^^^^^^^^^^^^^
  File "D:\gitRep\flask_blog\.venv\Lib\site-packages\flask\templating.py", line 149, in render_template
    template = app.jinja_env.get_or_select_template(template_name_or_list)
               ^^^^^^^^^^^^^^^^^^^^^^^^^^^^^^^^^^^^^^^^^^^^^^^^^^^^^^^^^^^
  File "D:\gitRep\flask_blog\.venv\Lib\site-packages\jinja2\environment.py", line 1087, in get_or_select_template
    return self.get_template(template_name_or_list, parent, globals)
           ^^^^^^^^^^^^^^^^^^^^^^^^^^^^^^^^^^^^^^^^^^^^^^^^^^^^^^^^^
  File "D:\gitRep\flask_blog\.venv\Lib\site-packages\jinja2\environment.py", line 1016, in get_template
    return self._load_template(name, globals)
           ^^^^^^^^^^^^^^^^^^^^^^^^^^^^^^^^^^
  File "D:\gitRep\flask_blog\.venv\Lib\site-packages\jinja2\environment.py", line 975, in _load_template
    template = self.loader.load(self, name, self.make_globals(globals))
               ^^^^^^^^^^^^^^^^^^^^^^^^^^^^^^^^^^^^^^^^^^^^^^^^^^^^^^^^
  File "D:\gitRep\flask_blog\.venv\Lib\site-packages\jinja2\loaders.py", line 138, in load
    code = environment.compile(source, name, filename)
           ^^^^^^^^^^^^^^^^^^^^^^^^^^^^^^^^^^^^^^^^^^^
  File "D:\gitRep\flask_blog\.venv\Lib\site-packages\jinja2\environment.py", line 771, in compile
    self.handle_exception(source=source_hint)
  File "D:\gitRep\flask_blog\.venv\Lib\site-packages\jinja2\environment.py", line 942, in handle_exception
    raise rewrite_traceback_stack(source=source)
  File "D:\gitRep\flask_blog\app\templates\articles\list.html", line 19, in template
    name="search_query"  <!-- Добавлено -->
    ^^^^^^^^^^^^^^^^^^^^^^^^^
jinja2.exceptions.TemplateSyntaxError: expected token ',', got 'name'
2025-04-05 14:12:07,629 ERROR: Exception on /articles [GET] [in D:\gitRep\flask_blog\.venv\Lib\site-packages\flask\app.py:875]
Traceback (most recent call last):
  File "D:\gitRep\flask_blog\.venv\Lib\site-packages\flask\app.py", line 1511, in wsgi_app
    response = self.full_dispatch_request()
               ^^^^^^^^^^^^^^^^^^^^^^^^^^^^
  File "D:\gitRep\flask_blog\.venv\Lib\site-packages\flask\app.py", line 919, in full_dispatch_request
    rv = self.handle_user_exception(e)
         ^^^^^^^^^^^^^^^^^^^^^^^^^^^^^
  File "D:\gitRep\flask_blog\.venv\Lib\site-packages\flask\app.py", line 917, in full_dispatch_request
    rv = self.dispatch_request()
         ^^^^^^^^^^^^^^^^^^^^^^^
  File "D:\gitRep\flask_blog\.venv\Lib\site-packages\flask\app.py", line 902, in dispatch_request
    return self.ensure_sync(self.view_functions[rule.endpoint])(**view_args)  # type: ignore[no-any-return]
           ^^^^^^^^^^^^^^^^^^^^^^^^^^^^^^^^^^^^^^^^^^^^^^^^^^^^^^^^^^^^^^^^^
  File "D:\gitRep\flask_blog\app\routes\article_routes.py", line 32, in list_articles
    return render_template('articles/list.html',
          ^^^^^^^^^^^^^^^^^^^^^^^^^^^^^^^^^^^^^
  File "D:\gitRep\flask_blog\.venv\Lib\site-packages\flask\templating.py", line 149, in render_template
    template = app.jinja_env.get_or_select_template(template_name_or_list)
               ^^^^^^^^^^^^^^^^^^^^^^^^^^^^^^^^^^^^^^^^^^^^^^^^^^^^^^^^^^^
  File "D:\gitRep\flask_blog\.venv\Lib\site-packages\jinja2\environment.py", line 1087, in get_or_select_template
    return self.get_template(template_name_or_list, parent, globals)
           ^^^^^^^^^^^^^^^^^^^^^^^^^^^^^^^^^^^^^^^^^^^^^^^^^^^^^^^^^
  File "D:\gitRep\flask_blog\.venv\Lib\site-packages\jinja2\environment.py", line 1016, in get_template
    return self._load_template(name, globals)
           ^^^^^^^^^^^^^^^^^^^^^^^^^^^^^^^^^^
  File "D:\gitRep\flask_blog\.venv\Lib\site-packages\jinja2\environment.py", line 975, in _load_template
    template = self.loader.load(self, name, self.make_globals(globals))
               ^^^^^^^^^^^^^^^^^^^^^^^^^^^^^^^^^^^^^^^^^^^^^^^^^^^^^^^^
  File "D:\gitRep\flask_blog\.venv\Lib\site-packages\jinja2\loaders.py", line 138, in load
    code = environment.compile(source, name, filename)
           ^^^^^^^^^^^^^^^^^^^^^^^^^^^^^^^^^^^^^^^^^^^
  File "D:\gitRep\flask_blog\.venv\Lib\site-packages\jinja2\environment.py", line 771, in compile
    self.handle_exception(source=source_hint)
  File "D:\gitRep\flask_blog\.venv\Lib\site-packages\jinja2\environment.py", line 942, in handle_exception
    raise rewrite_traceback_stack(source=source)
  File "D:\gitRep\flask_blog\app\templates\articles\list.html", line 19, in template
    name="search_query"  <!-- Добавлено -->
    ^^^^^^^^^^^^^^^^^^^^^^^^^
jinja2.exceptions.TemplateSyntaxError: unexpected char '!' at 670
